<?xml version="1.0" encoding="UTF-8"?>
<testsuite xmlns:xsi="http://www.w3.org/2001/XMLSchema-instance" xsi:noNamespaceSchemaLocation="https://maven.apache.org/surefire/maven-surefire-plugin/xsd/surefire-test-report.xsd" name="AccountEmailServiceTest" time="0.029" tests="1" errors="1" skipped="0" failures="0">
  <properties>
    <property name="sun.desktop" value="windows"/>
    <property name="awt.toolkit" value="sun.awt.windows.WToolkit"/>
    <property name="java.specification.version" value="12"/>
    <property name="sun.cpu.isalist" value="amd64"/>
    <property name="sun.jnu.encoding" value="GBK"/>
    <property name="java.class.path" value="C:\Users\Lothric\javawork\Accountemail\target\test-classes;C:\Users\Lothric\javawork\Accountemail\target\classes;C:\Program Files\apache-maven-3.6.1\MvnRepo\org\springframework\spring-core\5.1.5.RELEASE\spring-core-5.1.5.RELEASE.jar;C:\Program Files\apache-maven-3.6.1\MvnRepo\org\springframework\spring-jcl\5.1.5.RELEASE\spring-jcl-5.1.5.RELEASE.jar;C:\Program Files\apache-maven-3.6.1\MvnRepo\org\springframework\spring-beans\5.1.5.RELEASE\spring-beans-5.1.5.RELEASE.jar;C:\Program Files\apache-maven-3.6.1\MvnRepo\org\springframework\spring-context\5.1.5.RELEASE\spring-context-5.1.5.RELEASE.jar;C:\Program Files\apache-maven-3.6.1\MvnRepo\org\springframework\spring-aop\5.1.5.RELEASE\spring-aop-5.1.5.RELEASE.jar;C:\Program Files\apache-maven-3.6.1\MvnRepo\org\springframework\spring-expression\5.1.5.RELEASE\spring-expression-5.1.5.RELEASE.jar;C:\Program Files\apache-maven-3.6.1\MvnRepo\org\springframework\spring-context-support\5.1.5.RELEASE\spring-context-support-5.1.5.RELEASE.jar;C:\Program Files\apache-maven-3.6.1\MvnRepo\junit\junit\4.7\junit-4.7.jar;C:\Program Files\apache-maven-3.6.1\MvnRepo\javax\mail\mail\1.4\mail-1.4.jar;C:\Program Files\apache-maven-3.6.1\MvnRepo\javax\activation\activation\1.1\activation-1.1.jar;C:\Program Files\apache-maven-3.6.1\MvnRepo\com\icegreen\greenmail\1.3.1b\greenmail-1.3.1b.jar;C:\Program Files\apache-maven-3.6.1\MvnRepo\org\slf4j\slf4j-api\1.3.1\slf4j-api-1.3.1.jar;"/>
    <property name="java.vm.vendor" value="Oracle Corporation"/>
    <property name="sun.arch.data.model" value="64"/>
    <property name="user.variant" value=""/>
    <property name="java.vendor.url" value="https://java.oracle.com/"/>
    <property name="user.timezone" value="Asia/Shanghai"/>
    <property name="os.name" value="Windows 10"/>
    <property name="java.vm.specification.version" value="12"/>
    <property name="sun.java.launcher" value="SUN_STANDARD"/>
    <property name="user.country" value="CN"/>
    <property name="sun.boot.library.path" value="C:\Program Files\Java\jdk-12.0.1\bin"/>
    <property name="sun.java.command" value="C:\Users\Lothric\AppData\Local\Temp\surefire14193270401699025934\surefirebooter6048894358229276411.jar C:\Users\Lothric\AppData\Local\Temp\surefire14193270401699025934 2019-07-19T16-35-23_401-jvmRun1 surefire6482087498436211298tmp surefire_013654478750903261820tmp"/>
    <property name="jdk.debug" value="release"/>
    <property name="surefire.test.class.path" value="C:\Users\Lothric\javawork\Accountemail\target\test-classes;C:\Users\Lothric\javawork\Accountemail\target\classes;C:\Program Files\apache-maven-3.6.1\MvnRepo\org\springframework\spring-core\5.1.5.RELEASE\spring-core-5.1.5.RELEASE.jar;C:\Program Files\apache-maven-3.6.1\MvnRepo\org\springframework\spring-jcl\5.1.5.RELEASE\spring-jcl-5.1.5.RELEASE.jar;C:\Program Files\apache-maven-3.6.1\MvnRepo\org\springframework\spring-beans\5.1.5.RELEASE\spring-beans-5.1.5.RELEASE.jar;C:\Program Files\apache-maven-3.6.1\MvnRepo\org\springframework\spring-context\5.1.5.RELEASE\spring-context-5.1.5.RELEASE.jar;C:\Program Files\apache-maven-3.6.1\MvnRepo\org\springframework\spring-aop\5.1.5.RELEASE\spring-aop-5.1.5.RELEASE.jar;C:\Program Files\apache-maven-3.6.1\MvnRepo\org\springframework\spring-expression\5.1.5.RELEASE\spring-expression-5.1.5.RELEASE.jar;C:\Program Files\apache-maven-3.6.1\MvnRepo\org\springframework\spring-context-support\5.1.5.RELEASE\spring-context-support-5.1.5.RELEASE.jar;C:\Program Files\apache-maven-3.6.1\MvnRepo\junit\junit\4.7\junit-4.7.jar;C:\Program Files\apache-maven-3.6.1\MvnRepo\javax\mail\mail\1.4\mail-1.4.jar;C:\Program Files\apache-maven-3.6.1\MvnRepo\javax\activation\activation\1.1\activation-1.1.jar;C:\Program Files\apache-maven-3.6.1\MvnRepo\com\icegreen\greenmail\1.3.1b\greenmail-1.3.1b.jar;C:\Program Files\apache-maven-3.6.1\MvnRepo\org\slf4j\slf4j-api\1.3.1\slf4j-api-1.3.1.jar;"/>
    <property name="sun.cpu.endian" value="little"/>
    <property name="user.home" value="C:\Users\Lothric"/>
    <property name="user.language" value="zh"/>
    <property name="java.specification.vendor" value="Oracle Corporation"/>
    <property name="java.version.date" value="2019-04-16"/>
    <property name="java.home" value="C:\Program Files\Java\jdk-12.0.1"/>
    <property name="file.separator" value="\"/>
    <property name="basedir" value="C:\Users\Lothric\javawork\Accountemail"/>
    <property name="java.vm.compressedOopsMode" value="Zero based"/>
    <property name="line.separator" value="&#10;"/>
    <property name="java.vm.specification.vendor" value="Oracle Corporation"/>
    <property name="java.specification.name" value="Java Platform API Specification"/>
    <property name="java.awt.graphicsenv" value="sun.awt.Win32GraphicsEnvironment"/>
    <property name="surefire.real.class.path" value="C:\Users\Lothric\AppData\Local\Temp\surefire14193270401699025934\surefirebooter6048894358229276411.jar"/>
    <property name="user.script" value=""/>
    <property name="sun.management.compiler" value="HotSpot 64-Bit Tiered Compilers"/>
    <property name="java.runtime.version" value="12.0.1+12"/>
    <property name="user.name" value="Lothric"/>
    <property name="path.separator" value=";"/>
    <property name="os.version" value="10.0"/>
    <property name="java.runtime.name" value="Java(TM) SE Runtime Environment"/>
    <property name="file.encoding" value="GBK"/>
    <property name="java.vm.name" value="Java HotSpot(TM) 64-Bit Server VM"/>
    <property name="localRepository" value="C:\Program Files\apache-maven-3.6.1\MvnRepo"/>
    <property name="java.vendor.url.bug" value="https://bugreport.java.com/bugreport/"/>
    <property name="java.io.tmpdir" value="C:\Users\Lothric\AppData\Local\Temp\"/>
    <property name="java.version" value="12.0.1"/>
    <property name="user.dir" value="C:\Users\Lothric\javawork\Accountemail"/>
    <property name="os.arch" value="amd64"/>
    <property name="java.vm.specification.name" value="Java Virtual Machine Specification"/>
    <property name="idea.version2019.1.3" value="true"/>
    <property name="sun.os.patch.level" value=""/>
    <property name="java.library.path" value="C:\Program Files\Java\jdk-12.0.1\bin;C:\Windows\Sun\Java\bin;C:\Windows\system32;C:\Windows;C:\Windows\system32;C:\Windows;C:\Windows\System32\Wbem;C:\Windows\System32\WindowsPowerShell\v1.0\;C:\Windows\System32\OpenSSH\;C:\Program Files (x86)\Intel\Intel(R) Management Engine Components\DAL;C:\Program Files\Intel\Intel(R) Management Engine Components\DAL;C:\Program Files\Java\jdk-12.0.1\bin;C:\Program Files\Java\jdk-12.0.1\jre\bin;C:\Program Files\apache-maven-3.6.1\bin;C:\Program Files\MySQL\MySQL Shell 8.0\bin\;."/>
    <property name="java.vm.info" value="mixed mode, sharing"/>
    <property name="java.vendor" value="Oracle Corporation"/>
    <property name="java.vm.version" value="12.0.1+12"/>
    <property name="sun.io.unicode.encoding" value="UnicodeLittle"/>
    <property name="java.class.version" value="56.0"/>
  </properties>
  <testcase name="initializationError" classname="AccountEmailServiceTest" time="0.006">
    <error message="Method startMailServer() should be public" type="java.lang.Exception">java.lang.Exception: Method startMailServer() should be public
</error>
  </testcase>
</testsuite>